Using pre-set license
Built from '2020.3/staging' branch; Version is '2020.3.11f1 (99c7afb366b3) revision 10078127'; Using compiler version '192528614'; Build Type 'Release'
OS: 'Windows 10 Home; OS build 19043.1645; Version 2009; 64bit' Language: 'en' Physical Memory: 32702 MB
BatchMode: 1, IsHumanControllingUs: 0, StartBugReporterOnCrash: 0, Is64bit: 1, IsPro: 0

 COMMAND LINE ARGUMENTS:
C:\Program Files\Unity\Hub\Editor\2020.3.11f1\Editor\Unity.exe
-adb2
-batchMode
-noUpm
-name
AssetImportWorker0
-projectPath
C:/Users/judic/topdown
-logFile
Logs/AssetImportWorker0.log
-srvPort
55750
Successfully changed project path to: C:/Users/judic/topdown
C:/Users/judic/topdown
Using Asset Import Pipeline V2.
Refreshing native plugins compatible for Editor in 21.21 ms, found 2 plugins.
Preloading 0 native plugins for Editor in 0.00 ms.
Initialize engine version: 2020.3.11f1 (99c7afb366b3)
[Subsystems] Discovering subsystems at path C:/Program Files/Unity/Hub/Editor/2020.3.11f1/Editor/Data/Resources/UnitySubsystems
[Subsystems] Discovering subsystems at path C:/Users/judic/topdown/Assets
GfxDevice: creating device client; threaded=0
Direct3D:
    Version:  Direct3D 11.0 [level 11.1]
    Renderer: NVIDIA GeForce RTX 2080 (ID=0x1e87)
    Vendor:   
    VRAM:     8010 MB
    Driver:   30.0.14.7196
Initialize mono
Mono path[0] = 'C:/Program Files/Unity/Hub/Editor/2020.3.11f1/Editor/Data/Managed'
Mono path[1] = 'C:/Program Files/Unity/Hub/Editor/2020.3.11f1/Editor/Data/MonoBleedingEdge/lib/mono/unityjit'
Mono config path = 'C:/Program Files/Unity/Hub/Editor/2020.3.11f1/Editor/Data/MonoBleedingEdge/etc'
Using monoOptions --debugger-agent=transport=dt_socket,embedding=1,server=y,suspend=n,address=127.0.0.1:56704
Begin MonoManager ReloadAssembly
Registering precompiled unity dll's ...
Register platform support module: C:/Program Files/Unity/Hub/Editor/2020.3.11f1/Editor/Data/PlaybackEngines/WebGLSupport/UnityEditor.WebGL.Extensions.dll
Register platform support module: C:/Program Files/Unity/Hub/Editor/2020.3.11f1/Editor/Data/PlaybackEngines/WindowsStandaloneSupport/UnityEditor.WindowsStandalone.Extensions.dll
Registered in 0.003177 seconds.
Native extension for WindowsStandalone target not found
Native extension for WebGL target not found
Refreshing native plugins compatible for Editor in 21.20 ms, found 2 plugins.
Preloading 0 native plugins for Editor in 0.00 ms.
Mono: successfully reloaded assembly
- Completed reload, in  0.955 seconds
Platform modules already initialized, skipping
Registering precompiled user dll's ...
Registered in 0.003323 seconds.
Begin MonoManager ReloadAssembly
Native extension for WindowsStandalone target not found
Native extension for WebGL target not found
Refreshing native plugins compatible for Editor in 0.31 ms, found 2 plugins.
Preloading 0 native plugins for Editor in 0.00 ms.
Mono: successfully reloaded assembly
- Completed reload, in  0.820 seconds
Platform modules already initialized, skipping
========================================================================
Worker process is ready to serve import requests
Launched and connected shader compiler UnityShaderCompiler.exe after 0.03 seconds
Refreshing native plugins compatible for Editor in 0.29 ms, found 2 plugins.
Preloading 0 native plugins for Editor in 0.00 ms.
Unloading 1394 Unused Serialized files (Serialized files now loaded: 0)
System memory in use before: 64.9 MB.
System memory in use after: 65.0 MB.

Unloading 19 unused Assets to reduce memory usage. Loaded Objects now: 1827.
Total: 1.473300 ms (FindLiveObjects: 0.128700 ms CreateObjectMapping: 0.037100 ms MarkObjects: 1.247500 ms  DeleteObjects: 0.059100 ms)

========================================================================
Received Import Request.
  path: Assets/Scripts/EssenceVessel.cs
  artifactKey: Guid(aeb8360fea5197b44968d984c7905c25) Importer(815301076,1909f56bfc062723c751e8b465ee728b)
Start importing Assets/Scripts/EssenceVessel.cs using Guid(aeb8360fea5197b44968d984c7905c25) Importer(815301076,1909f56bfc062723c751e8b465ee728b)  -> (artifact id: 'bdfccb75d85fe62da751273163435985') in 0.015277 seconds
  Import took 0.017039 seconds .

========================================================================
Received Import Request.
  Time since last request: 3351.655134 seconds.
  path: Assets/Scripts/EssenceVessel.cs
  artifactKey: Guid(aeb8360fea5197b44968d984c7905c25) Importer(815301076,1909f56bfc062723c751e8b465ee728b)
Start importing Assets/Scripts/EssenceVessel.cs using Guid(aeb8360fea5197b44968d984c7905c25) Importer(815301076,1909f56bfc062723c751e8b465ee728b)  -> (artifact id: '488d217abceac5b26ebfac1e98ff9e57') in 0.002460 seconds
  Import took 0.004738 seconds .

========================================================================
Received Import Request.
  Time since last request: 79.373912 seconds.
  path: Assets/Scripts/EssenceVessel.cs
  artifactKey: Guid(aeb8360fea5197b44968d984c7905c25) Importer(815301076,1909f56bfc062723c751e8b465ee728b)
Start importing Assets/Scripts/EssenceVessel.cs using Guid(aeb8360fea5197b44968d984c7905c25) Importer(815301076,1909f56bfc062723c751e8b465ee728b)  -> (artifact id: 'e5c83ee7347ce5c1c865c1118fae039f') in 0.002578 seconds
  Import took 0.004412 seconds .

========================================================================
Received Import Request.
  Time since last request: 76.146028 seconds.
  path: Assets/Scripts/EssenceVessel.cs
  artifactKey: Guid(aeb8360fea5197b44968d984c7905c25) Importer(815301076,1909f56bfc062723c751e8b465ee728b)
Start importing Assets/Scripts/EssenceVessel.cs using Guid(aeb8360fea5197b44968d984c7905c25) Importer(815301076,1909f56bfc062723c751e8b465ee728b)  -> (artifact id: '85fa3a5d2f44718cc7635b6554b0a136') in 0.002842 seconds
  Import took 0.004756 seconds .

========================================================================
Received Import Request.
  Time since last request: 864.254918 seconds.
  path: Assets/Scripts/EssenceVessel.cs
  artifactKey: Guid(aeb8360fea5197b44968d984c7905c25) Importer(815301076,1909f56bfc062723c751e8b465ee728b)
Start importing Assets/Scripts/EssenceVessel.cs using Guid(aeb8360fea5197b44968d984c7905c25) Importer(815301076,1909f56bfc062723c751e8b465ee728b)  -> (artifact id: '8129434d18532a02333882a2b1bd346c') in 0.002735 seconds
  Import took 0.005303 seconds .

========================================================================
Received Prepare
Registering precompiled user dll's ...
Registered in 0.003165 seconds.
Begin MonoManager ReloadAssembly
Native extension for WindowsStandalone target not found
Native extension for WebGL target not found
Refreshing native plugins compatible for Editor in 0.30 ms, found 2 plugins.
Preloading 0 native plugins for Editor in 0.00 ms.
Mono: successfully reloaded assembly
- Completed reload, in  0.848 seconds
Platform modules already initialized, skipping
Refreshing native plugins compatible for Editor in 0.26 ms, found 2 plugins.
Preloading 0 native plugins for Editor in 0.00 ms.
Unloading 1389 Unused Serialized files (Serialized files now loaded: 0)
System memory in use before: 64.9 MB.
System memory in use after: 64.9 MB.

Unloading 14 unused Assets to reduce memory usage. Loaded Objects now: 1830.
Total: 1.611000 ms (FindLiveObjects: 0.129300 ms CreateObjectMapping: 0.037600 ms MarkObjects: 1.396000 ms  DeleteObjects: 0.047400 ms)

========================================================================
Received Prepare
Registering precompiled user dll's ...
Registered in 0.002966 seconds.
Begin MonoManager ReloadAssembly
Native extension for WindowsStandalone target not found
Native extension for WebGL target not found
Refreshing native plugins compatible for Editor in 0.31 ms, found 2 plugins.
Preloading 0 native plugins for Editor in 0.00 ms.
Mono: successfully reloaded assembly
- Completed reload, in  0.765 seconds
Platform modules already initialized, skipping
Refreshing native plugins compatible for Editor in 0.25 ms, found 2 plugins.
Preloading 0 native plugins for Editor in 0.00 ms.
Unloading 1389 Unused Serialized files (Serialized files now loaded: 0)
System memory in use before: 64.9 MB.
System memory in use after: 65.0 MB.

Unloading 14 unused Assets to reduce memory usage. Loaded Objects now: 1833.
Total: 1.521500 ms (FindLiveObjects: 0.131200 ms CreateObjectMapping: 0.031900 ms MarkObjects: 1.313500 ms  DeleteObjects: 0.044000 ms)

========================================================================
Received Import Request.
  Time since last request: 2304.681504 seconds.
  path: Assets/Scripts/EssenceVessel.cs
  artifactKey: Guid(aeb8360fea5197b44968d984c7905c25) Importer(815301076,1909f56bfc062723c751e8b465ee728b)
Start importing Assets/Scripts/EssenceVessel.cs using Guid(aeb8360fea5197b44968d984c7905c25) Importer(815301076,1909f56bfc062723c751e8b465ee728b)  -> (artifact id: '4d2b51f76713bc028d5bbd7a26631b46') in 0.005040 seconds
  Import took 0.007270 seconds .

AssetImportWorkerClient::OnTransportError - code=2 error=End of file
